Using pre-set license
Built from '2020.3/staging' branch; Version is '2020.3.9f1 (108be757e447) revision 1084391'; Using compiler version '192528614'; Build Type 'Release'
OS: 'Windows 10 Home; OS build 19043.1110; Version 2009; 64bit' Language: 'en' Physical Memory: 16106 MB
BatchMode: 1, IsHumanControllingUs: 0, StartBugReporterOnCrash: 0, Is64bit: 1, IsPro: 0

 COMMAND LINE ARGUMENTS:
C:\Program Files\Unity\Hub\Editor\2020.3.9f1\Editor\Unity.exe
-adb2
-batchMode
-noUpm
-name
AssetImportWorker1
-projectPath
C:/Users/banve/Desktop/Create with Code/GITHUB/Whale
-logFile
Logs/AssetImportWorker1.log
-srvPort
58774
Successfully changed project path to: C:/Users/banve/Desktop/Create with Code/GITHUB/Whale
C:/Users/banve/Desktop/Create with Code/GITHUB/Whale
Using Asset Import Pipeline V2.
Refreshing native plugins compatible for Editor in 138.00 ms, found 1 plugins.
Preloading 0 native plugins for Editor in 0.00 ms.
Initialize engine version: 2020.3.9f1 (108be757e447)
[Subsystems] Discovering subsystems at path C:/Program Files/Unity/Hub/Editor/2020.3.9f1/Editor/Data/Resources/UnitySubsystems
[Subsystems] Discovering subsystems at path C:/Users/banve/Desktop/Create with Code/GITHUB/Whale/Assets
GfxDevice: creating device client; threaded=0
Direct3D:
    Version:  Direct3D 11.0 [level 11.1]
    Renderer: Intel(R) Iris(R) Xe Graphics (ID=0x9a49)
    Vendor:   
    VRAM:     8053 MB
    Driver:   27.20.100.9510
Initialize mono
Mono path[0] = 'C:/Program Files/Unity/Hub/Editor/2020.3.9f1/Editor/Data/Managed'
Mono path[1] = 'C:/Program Files/Unity/Hub/Editor/2020.3.9f1/Editor/Data/MonoBleedingEdge/lib/mono/unityjit'
Mono config path = 'C:/Program Files/Unity/Hub/Editor/2020.3.9f1/Editor/Data/MonoBleedingEdge/etc'
Using monoOptions --debugger-agent=transport=dt_socket,embedding=1,server=y,suspend=n,address=127.0.0.1:56716
Begin MonoManager ReloadAssembly
Registering precompiled unity dll's ...
Register platform support module: C:/Program Files/Unity/Hub/Editor/2020.3.9f1/Editor/Data/PlaybackEngines/WebGLSupport/UnityEditor.WebGL.Extensions.dll
Register platform support module: C:/Program Files/Unity/Hub/Editor/2020.3.9f1/Editor/Data/PlaybackEngines/WindowsStandaloneSupport/UnityEditor.WindowsStandalone.Extensions.dll
Registered in 0.004726 seconds.
Native extension for WindowsStandalone target not found
Native extension for WebGL target not found
Refreshing native plugins compatible for Editor in 130.74 ms, found 1 plugins.
Preloading 0 native plugins for Editor in 0.00 ms.
Mono: successfully reloaded assembly
- Completed reload, in  4.040 seconds
Platform modules already initialized, skipping
Registering precompiled user dll's ...
Registered in 0.002040 seconds.
Begin MonoManager ReloadAssembly
Native extension for WindowsStandalone target not found
Native extension for WebGL target not found
Refreshing native plugins compatible for Editor in 128.17 ms, found 1 plugins.
Preloading 0 native plugins for Editor in 0.00 ms.
Mono: successfully reloaded assembly
- Completed reload, in  1.892 seconds
Platform modules already initialized, skipping
========================================================================
Worker process is ready to serve import requests
Launched and connected shader compiler UnityShaderCompiler.exe after 0.08 seconds
Refreshing native plugins compatible for Editor in 0.49 ms, found 1 plugins.
Preloading 0 native plugins for Editor in 0.00 ms.
Unloading 1834 Unused Serialized files (Serialized files now loaded: 0)
System memory in use before: 90.4 MB.
System memory in use after: 90.5 MB.

Unloading 19 unused Assets to reduce memory usage. Loaded Objects now: 2284.
Total: 1.892800 ms (FindLiveObjects: 0.118100 ms CreateObjectMapping: 0.038700 ms MarkObjects: 1.654300 ms  DeleteObjects: 0.080800 ms)

========================================================================
Received Import Request.
  path: Assets/Scenes/Level 1.unity
  artifactKey: Guid(c411a1250e6c2eb48afb55de07a2813d) Importer(815301076,1909f56bfc062723c751e8b465ee728b)
Start importing Assets/Scenes/Level 1.unity using Guid(c411a1250e6c2eb48afb55de07a2813d) Importer(815301076,1909f56bfc062723c751e8b465ee728b)  -> (artifact id: 'c92901b2cfc86a25515c80672064e291') in 0.021012 seconds
  Import took 0.027406 seconds .

========================================================================
Received Import Request.
  Time since last request: 0.027901 seconds.
  path: Assets/Scenes/Level 1.unity
  artifactKey: Guid(c411a1250e6c2eb48afb55de07a2813d) Importer(815301076,1909f56bfc062723c751e8b465ee728b)
Start importing Assets/Scenes/Level 1.unity using Guid(c411a1250e6c2eb48afb55de07a2813d) Importer(815301076,1909f56bfc062723c751e8b465ee728b)  -> (artifact id: 'c92901b2cfc86a25515c80672064e291') in 0.005116 seconds
  Import took 0.010629 seconds .

========================================================================
Received Prepare
Registering precompiled user dll's ...
Registered in 0.002060 seconds.
Begin MonoManager ReloadAssembly
Native extension for WindowsStandalone target not found
Native extension for WebGL target not found
Refreshing native plugins compatible for Editor in 1.02 ms, found 1 plugins.
Preloading 0 native plugins for Editor in 0.00 ms.
Mono: successfully reloaded assembly
- Completed reload, in  1.677 seconds
Platform modules already initialized, skipping
Refreshing native plugins compatible for Editor in 1.07 ms, found 1 plugins.
Preloading 0 native plugins for Editor in 0.00 ms.
Unloading 1811 Unused Serialized files (Serialized files now loaded: 0)
System memory in use before: 88.6 MB.
System memory in use after: 88.7 MB.

Unloading 7 unused Assets to reduce memory usage. Loaded Objects now: 2288.
Total: 3.040200 ms (FindLiveObjects: 0.249000 ms CreateObjectMapping: 0.073200 ms MarkObjects: 2.683400 ms  DeleteObjects: 0.032300 ms)

========================================================================
Received Prepare
Registering precompiled user dll's ...
Registered in 0.002345 seconds.
Begin MonoManager ReloadAssembly
Native extension for WindowsStandalone target not found
Native extension for WebGL target not found
Refreshing native plugins compatible for Editor in 0.94 ms, found 1 plugins.
Preloading 0 native plugins for Editor in 0.00 ms.
Mono: successfully reloaded assembly
- Completed reload, in  1.623 seconds
Platform modules already initialized, skipping
Refreshing native plugins compatible for Editor in 1.06 ms, found 1 plugins.
Preloading 0 native plugins for Editor in 0.00 ms.
Unloading 1811 Unused Serialized files (Serialized files now loaded: 0)
System memory in use before: 88.7 MB.
System memory in use after: 88.8 MB.

Unloading 7 unused Assets to reduce memory usage. Loaded Objects now: 2292.
Total: 3.030900 ms (FindLiveObjects: 0.216100 ms CreateObjectMapping: 0.083900 ms MarkObjects: 2.706200 ms  DeleteObjects: 0.023100 ms)

========================================================================
Received Prepare
Registering precompiled user dll's ...
Registered in 0.002036 seconds.
Begin MonoManager ReloadAssembly
Native extension for WindowsStandalone target not found
Native extension for WebGL target not found
Refreshing native plugins compatible for Editor in 0.93 ms, found 1 plugins.
Preloading 0 native plugins for Editor in 0.00 ms.
Mono: successfully reloaded assembly
- Completed reload, in  1.633 seconds
Platform modules already initialized, skipping
Refreshing native plugins compatible for Editor in 1.11 ms, found 1 plugins.
Preloading 0 native plugins for Editor in 0.00 ms.
Unloading 1811 Unused Serialized files (Serialized files now loaded: 0)
System memory in use before: 88.7 MB.
System memory in use after: 88.8 MB.

Unloading 7 unused Assets to reduce memory usage. Loaded Objects now: 2296.
Total: 3.182400 ms (FindLiveObjects: 0.198800 ms CreateObjectMapping: 0.081700 ms MarkObjects: 2.860300 ms  DeleteObjects: 0.039700 ms)

========================================================================
Received Prepare
Registering precompiled user dll's ...
Registered in 0.002417 seconds.
Begin MonoManager ReloadAssembly
Native extension for WindowsStandalone target not found
Native extension for WebGL target not found
Refreshing native plugins compatible for Editor in 1.03 ms, found 1 plugins.
Preloading 0 native plugins for Editor in 0.00 ms.
Mono: successfully reloaded assembly
- Completed reload, in  1.708 seconds
Platform modules already initialized, skipping
Refreshing native plugins compatible for Editor in 0.86 ms, found 1 plugins.
Preloading 0 native plugins for Editor in 0.00 ms.
Unloading 1811 Unused Serialized files (Serialized files now loaded: 0)
System memory in use before: 88.7 MB.
System memory in use after: 88.8 MB.

Unloading 7 unused Assets to reduce memory usage. Loaded Objects now: 2300.
Total: 3.244900 ms (FindLiveObjects: 0.201300 ms CreateObjectMapping: 0.091400 ms MarkObjects: 2.925100 ms  DeleteObjects: 0.025200 ms)

========================================================================
Received Prepare
Registering precompiled user dll's ...
Registered in 0.001957 seconds.
Begin MonoManager ReloadAssembly
Native extension for WindowsStandalone target not found
Native extension for WebGL target not found
Refreshing native plugins compatible for Editor in 1.35 ms, found 1 plugins.
Preloading 0 native plugins for Editor in 0.00 ms.
Mono: successfully reloaded assembly
- Completed reload, in  1.651 seconds
Platform modules already initialized, skipping
Refreshing native plugins compatible for Editor in 1.04 ms, found 1 plugins.
Preloading 0 native plugins for Editor in 0.00 ms.
Unloading 1811 Unused Serialized files (Serialized files now loaded: 0)
System memory in use before: 88.7 MB.
System memory in use after: 88.8 MB.

Unloading 7 unused Assets to reduce memory usage. Loaded Objects now: 2304.
Total: 3.103800 ms (FindLiveObjects: 0.201600 ms CreateObjectMapping: 0.083500 ms MarkObjects: 2.777000 ms  DeleteObjects: 0.040300 ms)

========================================================================
Received Prepare
Registering precompiled user dll's ...
Registered in 0.002105 seconds.
Begin MonoManager ReloadAssembly
Native extension for WindowsStandalone target not found
Native extension for WebGL target not found
Refreshing native plugins compatible for Editor in 1.37 ms, found 1 plugins.
Preloading 0 native plugins for Editor in 0.00 ms.
Mono: successfully reloaded assembly
- Completed reload, in  1.662 seconds
Platform modules already initialized, skipping
Refreshing native plugins compatible for Editor in 0.85 ms, found 1 plugins.
Preloading 0 native plugins for Editor in 0.00 ms.
Unloading 1811 Unused Serialized files (Serialized files now loaded: 0)
System memory in use before: 88.7 MB.
System memory in use after: 88.8 MB.

Unloading 7 unused Assets to reduce memory usage. Loaded Objects now: 2308.
Total: 3.221800 ms (FindLiveObjects: 0.237800 ms CreateObjectMapping: 0.091300 ms MarkObjects: 2.862900 ms  DeleteObjects: 0.027900 ms)

========================================================================
Received Prepare
Registering precompiled user dll's ...
Registered in 0.001836 seconds.
Begin MonoManager ReloadAssembly
Native extension for WindowsStandalone target not found
Native extension for WebGL target not found
Refreshing native plugins compatible for Editor in 0.89 ms, found 1 plugins.
Preloading 0 native plugins for Editor in 0.00 ms.
Mono: successfully reloaded assembly
- Completed reload, in  1.571 seconds
Platform modules already initialized, skipping
Refreshing native plugins compatible for Editor in 0.71 ms, found 1 plugins.
Preloading 0 native plugins for Editor in 0.00 ms.
Unloading 1811 Unused Serialized files (Serialized files now loaded: 0)
System memory in use before: 88.7 MB.
System memory in use after: 88.9 MB.

Unloading 7 unused Assets to reduce memory usage. Loaded Objects now: 2312.
Total: 2.865600 ms (FindLiveObjects: 0.243900 ms CreateObjectMapping: 0.061000 ms MarkObjects: 2.532900 ms  DeleteObjects: 0.025500 ms)

========================================================================
Received Prepare
Registering precompiled user dll's ...
Registered in 0.001914 seconds.
Begin MonoManager ReloadAssembly
Native extension for WindowsStandalone target not found
Native extension for WebGL target not found
Refreshing native plugins compatible for Editor in 1.11 ms, found 1 plugins.
Preloading 0 native plugins for Editor in 0.00 ms.
Mono: successfully reloaded assembly
- Completed reload, in  1.679 seconds
Platform modules already initialized, skipping
Refreshing native plugins compatible for Editor in 1.25 ms, found 1 plugins.
Preloading 0 native plugins for Editor in 0.00 ms.
Unloading 1811 Unused Serialized files (Serialized files now loaded: 0)
System memory in use before: 88.7 MB.
System memory in use after: 88.9 MB.

Unloading 7 unused Assets to reduce memory usage. Loaded Objects now: 2316.
Total: 2.908600 ms (FindLiveObjects: 0.195900 ms CreateObjectMapping: 0.080500 ms MarkObjects: 2.606400 ms  DeleteObjects: 0.024200 ms)

========================================================================
Received Import Request.
  Time since last request: 774.720750 seconds.
  path: Assets/Scenes/Level 1.unity
  artifactKey: Guid(c411a1250e6c2eb48afb55de07a2813d) Importer(815301076,1909f56bfc062723c751e8b465ee728b)
Start importing Assets/Scenes/Level 1.unity using Guid(c411a1250e6c2eb48afb55de07a2813d) Importer(815301076,1909f56bfc062723c751e8b465ee728b)  -> (artifact id: '894cf6df5c47f67e46385aae5c4b68a5') in 0.026956 seconds
  Import took 0.035541 seconds .

========================================================================
Received Prepare
Registering precompiled user dll's ...
Registered in 0.002232 seconds.
Begin MonoManager ReloadAssembly
Native extension for WindowsStandalone target not found
Native extension for WebGL target not found
Refreshing native plugins compatible for Editor in 1.24 ms, found 1 plugins.
Preloading 0 native plugins for Editor in 0.00 ms.
Mono: successfully reloaded assembly
- Completed reload, in  1.659 seconds
Platform modules already initialized, skipping
Refreshing native plugins compatible for Editor in 1.07 ms, found 1 plugins.
Preloading 0 native plugins for Editor in 0.00 ms.
Unloading 1811 Unused Serialized files (Serialized files now loaded: 0)
System memory in use before: 88.8 MB.
System memory in use after: 88.9 MB.

Unloading 7 unused Assets to reduce memory usage. Loaded Objects now: 2320.
Total: 3.578100 ms (FindLiveObjects: 0.259600 ms CreateObjectMapping: 0.089100 ms MarkObjects: 3.196500 ms  DeleteObjects: 0.030600 ms)

========================================================================
Received Import Request.
  Time since last request: 287.678246 seconds.
  path: Assets/Scenes/Level 3.unity
  artifactKey: Guid(39b7f77d0008626438c67b57829eab41) Importer(815301076,1909f56bfc062723c751e8b465ee728b)
Start importing Assets/Scenes/Level 3.unity using Guid(39b7f77d0008626438c67b57829eab41) Importer(815301076,1909f56bfc062723c751e8b465ee728b)  -> (artifact id: 'b22fcb5cd9135d6787a233ec3486d05e') in 0.022397 seconds
  Import took 0.038006 seconds .

========================================================================
Received Prepare
Registering precompiled user dll's ...
Registered in 0.001807 seconds.
Begin MonoManager ReloadAssembly
Native extension for WindowsStandalone target not found
Native extension for WebGL target not found
Refreshing native plugins compatible for Editor in 0.99 ms, found 1 plugins.
Preloading 0 native plugins for Editor in 0.00 ms.
Mono: successfully reloaded assembly
- Completed reload, in  1.511 seconds
Platform modules already initialized, skipping
Refreshing native plugins compatible for Editor in 1.05 ms, found 1 plugins.
Preloading 0 native plugins for Editor in 0.00 ms.
Unloading 1811 Unused Serialized files (Serialized files now loaded: 0)
System memory in use before: 88.8 MB.
System memory in use after: 88.9 MB.

Unloading 7 unused Assets to reduce memory usage. Loaded Objects now: 2324.
Total: 2.490500 ms (FindLiveObjects: 0.170900 ms CreateObjectMapping: 0.066200 ms MarkObjects: 2.230200 ms  DeleteObjects: 0.021500 ms)

========================================================================
Received Import Request.
  Time since last request: 54.516205 seconds.
  path: Assets/Scenes/Level 2.unity
  artifactKey: Guid(5d7bbb7853f915f43a3b84931500de8b) Importer(815301076,1909f56bfc062723c751e8b465ee728b)
Start importing Assets/Scenes/Level 2.unity using Guid(5d7bbb7853f915f43a3b84931500de8b) Importer(815301076,1909f56bfc062723c751e8b465ee728b)  -> (artifact id: 'a0a418a1e94f8895f9095f4b2207d616') in 0.020761 seconds
  Import took 0.028071 seconds .

========================================================================
Received Prepare
Registering precompiled user dll's ...
Registered in 0.002130 seconds.
Begin MonoManager ReloadAssembly
Native extension for WindowsStandalone target not found
Native extension for WebGL target not found
Refreshing native plugins compatible for Editor in 1.25 ms, found 1 plugins.
Preloading 0 native plugins for Editor in 0.00 ms.
Mono: successfully reloaded assembly
- Completed reload, in  1.646 seconds
Platform modules already initialized, skipping
Refreshing native plugins compatible for Editor in 0.90 ms, found 1 plugins.
Preloading 0 native plugins for Editor in 0.00 ms.
Unloading 1811 Unused Serialized files (Serialized files now loaded: 0)
System memory in use before: 88.8 MB.
System memory in use after: 88.9 MB.

Unloading 7 unused Assets to reduce memory usage. Loaded Objects now: 2328.
Total: 3.094900 ms (FindLiveObjects: 0.216900 ms CreateObjectMapping: 0.118500 ms MarkObjects: 2.733400 ms  DeleteObjects: 0.024700 ms)

========================================================================
Received Import Request.
  Time since last request: 101.876218 seconds.
  path: Assets/Scenes/Level 2.unity
  artifactKey: Guid(5d7bbb7853f915f43a3b84931500de8b) Importer(815301076,1909f56bfc062723c751e8b465ee728b)
Start importing Assets/Scenes/Level 2.unity using Guid(5d7bbb7853f915f43a3b84931500de8b) Importer(815301076,1909f56bfc062723c751e8b465ee728b)  -> (artifact id: 'cf347c31a3f8276c3afbedac19692aff') in 0.020729 seconds
  Import took 0.027650 seconds .

========================================================================
Received Prepare
Registering precompiled user dll's ...
Registered in 0.001783 seconds.
Begin MonoManager ReloadAssembly
Native extension for WindowsStandalone target not found
Native extension for WebGL target not found
Refreshing native plugins compatible for Editor in 1.21 ms, found 1 plugins.
Preloading 0 native plugins for Editor in 0.00 ms.
Mono: successfully reloaded assembly
- Completed reload, in  1.609 seconds
Platform modules already initialized, skipping
Refreshing native plugins compatible for Editor in 1.00 ms, found 1 plugins.
Preloading 0 native plugins for Editor in 0.00 ms.
Unloading 1811 Unused Serialized files (Serialized files now loaded: 0)
System memory in use before: 88.8 MB.
System memory in use after: 88.9 MB.

Unloading 7 unused Assets to reduce memory usage. Loaded Objects now: 2332.
Total: 2.810800 ms (FindLiveObjects: 0.203300 ms CreateObjectMapping: 0.074400 ms MarkObjects: 2.505700 ms  DeleteObjects: 0.025700 ms)

========================================================================
Received Import Request.
  Time since last request: 135.599345 seconds.
  path: Assets/Scripts/Enemies and Food/Horizontal.cs
  artifactKey: Guid(405af762698b70e4cb0715d8d43a728d) Importer(815301076,1909f56bfc062723c751e8b465ee728b)
Start importing Assets/Scripts/Enemies and Food/Horizontal.cs using Guid(405af762698b70e4cb0715d8d43a728d) Importer(815301076,1909f56bfc062723c751e8b465ee728b)  -> (artifact id: '3bd7ae01719241365a647c1ad16b1348') in 0.058254 seconds
  Import took 0.064414 seconds .

========================================================================
Received Prepare
Registering precompiled user dll's ...
Registered in 0.001805 seconds.
Begin MonoManager ReloadAssembly
Native extension for WindowsStandalone target not found
Native extension for WebGL target not found
Refreshing native plugins compatible for Editor in 1.24 ms, found 1 plugins.
Preloading 0 native plugins for Editor in 0.00 ms.
Mono: successfully reloaded assembly
- Completed reload, in  1.662 seconds
Platform modules already initialized, skipping
Refreshing native plugins compatible for Editor in 1.29 ms, found 1 plugins.
Preloading 0 native plugins for Editor in 0.00 ms.
Unloading 1811 Unused Serialized files (Serialized files now loaded: 0)
System memory in use before: 88.8 MB.
System memory in use after: 88.9 MB.

Unloading 7 unused Assets to reduce memory usage. Loaded Objects now: 2336.
Total: 3.006000 ms (FindLiveObjects: 0.195800 ms CreateObjectMapping: 0.077600 ms MarkObjects: 2.704500 ms  DeleteObjects: 0.026600 ms)

========================================================================
Received Import Request.
  Time since last request: 277.825298 seconds.
  path: Assets/Scripts/MenuUIHandler.cs
  artifactKey: Guid(da81054d5f9b1ff45bb6f130c330b1bc) Importer(815301076,1909f56bfc062723c751e8b465ee728b)
Start importing Assets/Scripts/MenuUIHandler.cs using Guid(da81054d5f9b1ff45bb6f130c330b1bc) Importer(815301076,1909f56bfc062723c751e8b465ee728b)  -> (artifact id: 'aaf4bbf20a27f0718b922b27115acb30') in 0.011858 seconds
  Import took 0.028512 seconds .

========================================================================
Received Import Request.
  Time since last request: 69.350493 seconds.
  path: Assets/Scenes/Level 1.unity
  artifactKey: Guid(c411a1250e6c2eb48afb55de07a2813d) Importer(815301076,1909f56bfc062723c751e8b465ee728b)
Start importing Assets/Scenes/Level 1.unity using Guid(c411a1250e6c2eb48afb55de07a2813d) Importer(815301076,1909f56bfc062723c751e8b465ee728b)  -> (artifact id: 'cef26fd67e4ff5128e101a986d097c15') in 0.017188 seconds
  Import took 0.023588 seconds .

========================================================================
Received Import Request.
  Time since last request: 213.212408 seconds.
  path: Assets/Scripts/PlayerControl.cs
  artifactKey: Guid(6c19f7bf29c5fd6409b155b2936f7414) Importer(815301076,1909f56bfc062723c751e8b465ee728b)
Start importing Assets/Scripts/PlayerControl.cs using Guid(6c19f7bf29c5fd6409b155b2936f7414) Importer(815301076,1909f56bfc062723c751e8b465ee728b)  -> (artifact id: 'f53f7de108b8d6e794a2a6626fa91e5d') in 0.004651 seconds
  Import took 0.011158 seconds .

========================================================================
Received Prepare
Registering precompiled user dll's ...
Registered in 0.001894 seconds.
Begin MonoManager ReloadAssembly
Native extension for WindowsStandalone target not found
Native extension for WebGL target not found
Refreshing native plugins compatible for Editor in 0.89 ms, found 1 plugins.
Preloading 0 native plugins for Editor in 0.00 ms.
Mono: successfully reloaded assembly
- Completed reload, in  1.984 seconds
Platform modules already initialized, skipping
Refreshing native plugins compatible for Editor in 1.01 ms, found 1 plugins.
Preloading 0 native plugins for Editor in 0.00 ms.
Unloading 1811 Unused Serialized files (Serialized files now loaded: 0)
System memory in use before: 88.8 MB.
System memory in use after: 88.9 MB.

Unloading 7 unused Assets to reduce memory usage. Loaded Objects now: 2340.
Total: 3.810300 ms (FindLiveObjects: 0.224100 ms CreateObjectMapping: 0.073000 ms MarkObjects: 3.476300 ms  DeleteObjects: 0.034800 ms)

========================================================================
Received Prepare
Registering precompiled user dll's ...
Registered in 0.001814 seconds.
Begin MonoManager ReloadAssembly
Native extension for WindowsStandalone target not found
Native extension for WebGL target not found
Refreshing native plugins compatible for Editor in 1.38 ms, found 1 plugins.
Preloading 0 native plugins for Editor in 0.00 ms.
Mono: successfully reloaded assembly
- Completed reload, in  1.591 seconds
Platform modules already initialized, skipping
Refreshing native plugins compatible for Editor in 0.89 ms, found 1 plugins.
Preloading 0 native plugins for Editor in 0.00 ms.
Unloading 1811 Unused Serialized files (Serialized files now loaded: 0)
System memory in use before: 88.8 MB.
System memory in use after: 88.9 MB.

Unloading 7 unused Assets to reduce memory usage. Loaded Objects now: 2344.
Total: 3.052200 ms (FindLiveObjects: 0.202100 ms CreateObjectMapping: 0.085500 ms MarkObjects: 2.738400 ms  DeleteObjects: 0.024600 ms)

========================================================================
Received Import Request.
  Time since last request: 311.933286 seconds.
  path: Assets/Scripts/Enemies and Food/Horizontal.cs
  artifactKey: Guid(405af762698b70e4cb0715d8d43a728d) Importer(815301076,1909f56bfc062723c751e8b465ee728b)
Start importing Assets/Scripts/Enemies and Food/Horizontal.cs using Guid(405af762698b70e4cb0715d8d43a728d) Importer(815301076,1909f56bfc062723c751e8b465ee728b)  -> (artifact id: '19afc9b6d1717207bf67026b95527c27') in 0.014928 seconds
  Import took 0.021531 seconds .

========================================================================
Received Import Request.
  Time since last request: 0.013316 seconds.
  path: Assets/Scripts/Enemies and Food/Horizontal.cs
  artifactKey: Guid(405af762698b70e4cb0715d8d43a728d) Importer(815301076,1909f56bfc062723c751e8b465ee728b)
Start importing Assets/Scripts/Enemies and Food/Horizontal.cs using Guid(405af762698b70e4cb0715d8d43a728d) Importer(815301076,1909f56bfc062723c751e8b465ee728b)  -> (artifact id: '19afc9b6d1717207bf67026b95527c27') in 0.003571 seconds
  Import took 0.008433 seconds .

========================================================================
Received Prepare
Registering precompiled user dll's ...
Registered in 0.001884 seconds.
Begin MonoManager ReloadAssembly
Native extension for WindowsStandalone target not found
Native extension for WebGL target not found
Refreshing native plugins compatible for Editor in 0.90 ms, found 1 plugins.
Preloading 0 native plugins for Editor in 0.00 ms.
Mono: successfully reloaded assembly
- Completed reload, in  1.544 seconds
Platform modules already initialized, skipping
Refreshing native plugins compatible for Editor in 1.17 ms, found 1 plugins.
Preloading 0 native plugins for Editor in 0.00 ms.
Unloading 1811 Unused Serialized files (Serialized files now loaded: 0)
System memory in use before: 88.8 MB.
System memory in use after: 89.0 MB.

Unloading 7 unused Assets to reduce memory usage. Loaded Objects now: 2348.
Total: 3.103600 ms (FindLiveObjects: 0.205500 ms CreateObjectMapping: 0.093500 ms MarkObjects: 2.778800 ms  DeleteObjects: 0.024300 ms)

AssetImportWorkerClient::OnTransportError - code=2 error=End of file
